<?xml version="1.0" encoding="UTF-8"?>
<testng-results ignored="0" total="1" passed="1" failed="0" skipped="0">
  <reporter-output>
  </reporter-output>
  <suite started-at="2020-10-14T12:47:05 IST" name="Default suite" finished-at="2020-10-14T12:47:11 IST" duration-ms="5788">
    <groups>
    </groups>
    <test started-at="2020-10-14T12:47:05 IST" name="Default test" finished-at="2020-10-14T12:47:11 IST" duration-ms="5788">
      <class name="practice_demo.NewTest">
        <test-method signature="test1()[pri:0, instance:practice_demo.NewTest@2034b64c]" started-at="2020-10-14T12:47:05 IST" name="test1" finished-at="2020-10-14T12:47:10 IST" duration-ms="5086" status="PASS">
          <reporter-output>
          </reporter-output>
        </test-method> <!-- test1 -->
        <test-method is-config="true" signature="tearDown()[pri:0, instance:practice_demo.NewTest@2034b64c]" started-at="2020-10-14T12:47:10 IST" name="tearDown" finished-at="2020-10-14T12:47:11 IST" duration-ms="667" status="PASS">
          <reporter-output>
          </reporter-output>
        </test-method> <!-- tearDown -->
      </class> <!-- practice_demo.NewTest -->
    </test> <!-- Default test -->
  </suite> <!-- Default suite -->
</testng-results>
